<?xml version="1.0" encoding="UTF-8"?>
<testng-results ignored="0" total="1" passed="1" failed="0" skipped="0">
  <reporter-output>
  </reporter-output>
  <suite started-at="2026-08-22T21:17:34 EEST" name="Default suite" finished-at="2026-08-22T21:17:49 EEST" duration-ms="15190">
    <groups>
    </groups>
    <test started-at="2026-08-22T21:17:34 EEST" name="Default test" finished-at="2026-08-22T21:17:49 EEST" duration-ms="15190">
      <class name="ebay.com.LuftbornTask2.searchFunctionTest">
        <test-method is-config="true" signature="environmentSetup()[pri:0, instance:ebay.com.LuftbornTask2.searchFunctionTest@397fbdb]" started-at="2026-08-22T21:17:34 EEST" name="environmentSetup" finished-at="2026-08-22T21:17:42 EEST" duration-ms="7609" status="PASS">
          <reporter-output>
          </reporter-output>
        </test-method> <!-- environmentSetup -->
        <test-method signature="mainFunction()[pri:0, instance:ebay.com.LuftbornTask2.searchFunctionTest@397fbdb]" started-at="2026-08-22T21:17:42 EEST" name="mainFunction" finished-at="2026-08-22T21:17:49 EEST" duration-ms="7445" status="PASS">
          <reporter-output>
          </reporter-output>
        </test-method> <!-- mainFunction -->
        <test-method is-config="true" signature="closeDriver()[pri:0, instance:ebay.com.LuftbornTask2.searchFunctionTest@397fbdb]" started-at="2026-08-22T21:17:49 EEST" name="closeDriver" finished-at="2026-08-22T21:17:49 EEST" duration-ms="1" status="PASS">
          <reporter-output>
          </reporter-output>
        </test-method> <!-- closeDriver -->
      </class> <!-- ebay.com.LuftbornTask2.searchFunctionTest -->
    </test> <!-- Default test -->
  </suite> <!-- Default suite -->
</testng-results>
